<?xml version="1.0" encoding="UTF-8"?>
<!-- Generated by org.testng.reporters.JUnitXMLReporter -->
<testsuite ignored="0" hostname="froiden-IdeaPad-3-15ITL6" failures="0" tests="3" name="Amazon Test" time="16.323" errors="0" timestamp="17 Apr 2023 09:34:16 GMT">
  <testcase classname="testngSession.AmazonTest" name="isHelpExistTest" time="3.357"/>
  <testcase classname="testngSession.AmazonTest" name="searchExistTest" time="4.616"/>
  <testcase classname="testngSession.AmazonTest" name="titleTest" time="8.341"/>
</testsuite> <!-- Amazon Test -->
