<?xml version="1.0" encoding="UTF-8"?>
<testng-results ignored="0" total="4" passed="4" failed="0" skipped="0">
  <reporter-output>
  </reporter-output>
  <suite started-at="2023-06-28T08:03:03Z" name="Default suite" finished-at="2023-06-28T08:03:10Z" duration-ms="6835">
    <groups>
    </groups>
    <test started-at="2023-06-28T08:03:03Z" name="Default test" finished-at="2023-06-28T08:03:10Z" duration-ms="6835">
      <class name="com.qa.opencart.tests.LoginPageTest">
        <test-method is-config="true" signature="setup()[pri:0, instance:com.qa.opencart.tests.LoginPageTest@484970b0]" started-at="2023-06-28T08:03:03Z" name="setup" finished-at="2023-06-28T08:03:09Z" duration-ms="5974" status="PASS">
          <reporter-output>
          </reporter-output>
        </test-method> <!-- setup -->
        <test-method signature="forgotPwdLinkExistTest()[pri:0, instance:com.qa.opencart.tests.LoginPageTest@484970b0]" started-at="2023-06-28T08:03:09Z" name="forgotPwdLinkExistTest" finished-at="2023-06-28T08:03:09Z" duration-ms="50" status="PASS">
          <reporter-output>
          </reporter-output>
        </test-method> <!-- forgotPwdLinkExistTest -->
        <test-method signature="loginPageTitleTest()[pri:0, instance:com.qa.opencart.tests.LoginPageTest@484970b0]" started-at="2023-06-28T08:03:09Z" name="loginPageTitleTest" finished-at="2023-06-28T08:03:09Z" duration-ms="7" status="PASS">
          <reporter-output>
          </reporter-output>
        </test-method> <!-- loginPageTitleTest -->
        <test-method signature="loginPageURLTest()[pri:0, instance:com.qa.opencart.tests.LoginPageTest@484970b0]" started-at="2023-06-28T08:03:09Z" name="loginPageURLTest" finished-at="2023-06-28T08:03:09Z" duration-ms="8" status="PASS">
          <reporter-output>
          </reporter-output>
        </test-method> <!-- loginPageURLTest -->
        <test-method signature="loginTest()[pri:0, instance:com.qa.opencart.tests.LoginPageTest@484970b0]" started-at="2023-06-28T08:03:09Z" name="loginTest" finished-at="2023-06-28T08:03:10Z" duration-ms="665" status="PASS">
          <reporter-output>
          </reporter-output>
        </test-method> <!-- loginTest -->
        <test-method is-config="true" signature="teardown()[pri:0, instance:com.qa.opencart.tests.LoginPageTest@484970b0]" started-at="2023-06-28T08:03:10Z" name="teardown" finished-at="2023-06-28T08:03:10Z" duration-ms="120" status="PASS">
          <reporter-output>
          </reporter-output>
        </test-method> <!-- teardown -->
      </class> <!-- com.qa.opencart.tests.LoginPageTest -->
    </test> <!-- Default test -->
  </suite> <!-- Default suite -->
</testng-results>
