<?xml version="1.0" encoding="UTF-8"?>
<!-- Generated by org.testng.reporters.JUnitXMLReporter -->
<testsuite ignored="0" hostname="froiden-IdeaPad-3-15ITL6" failures="0" tests="4" name="Default test" time="6.835" errors="0" timestamp="28 Jun 2023 08:03:10 GMT">
  <testcase classname="com.qa.opencart.tests.LoginPageTest" name="forgotPwdLinkExistTest" time="0.05"/>
  <testcase classname="com.qa.opencart.tests.LoginPageTest" name="loginPageTitleTest" time="0.007"/>
  <testcase classname="com.qa.opencart.tests.LoginPageTest" name="loginPageURLTest" time="0.008"/>
  <testcase classname="com.qa.opencart.tests.LoginPageTest" name="loginTest" time="0.665"/>
</testsuite> <!-- Default test -->
